<?xml version="1.0" encoding="UTF-8"?>
<testsuite name="WordPuzzleTest" tests="2" skipped="0" failures="0" errors="0" timestamp="2016-02-12T18:15:56" hostname="macs-MacBook-Pro.local" time="0.001">
  <properties/>
  <testcase name="WordPuzzle_replacesAWithBlank" classname="WordPuzzleTest" time="0.001"/>
  <testcase name="WordPuzzle_replacesRestOfVowels" classname="WordPuzzleTest" time="0.0"/>
  <system-out><![CDATA[]]></system-out>
  <system-err><![CDATA[]]></system-err>
</testsuite>
