<?xml version="1.0" encoding="UTF-8"?>
<testsuite name="WordPuzzleTest" tests="1" skipped="0" failures="0" errors="0" timestamp="2016-02-12T16:55:45" hostname="macs-MacBook-Pro.local" time="0.003">
  <properties/>
  <testcase name="WordPuzzle_replacesAWithBlank" classname="WordPuzzleTest" time="0.003"/>
  <system-out><![CDATA[]]></system-out>
  <system-err><![CDATA[]]></system-err>
</testsuite>
